CRITICAL - 2023-01-31 17:52:27 --> Invalid file: "basic_table.php"
in SYSTEMPATH\Exceptions\FrameworkException.php on line 33.
 1 SYSTEMPATH\View\View.php(201): CodeIgniter\Exceptions\FrameworkException::forInvalidFile('basic_table.php')
 2 SYSTEMPATH\Common.php(1177): CodeIgniter\View\View->render('basic_table', [], true)
 3 APPPATH\Controllers\Home.php(40): view('basic_table')
 4 SYSTEMPATH\CodeIgniter.php(934): App\Controllers\Home->basic_table()
 5 SYSTEMPATH\CodeIgniter.php(499): CodeIgniter\CodeIgniter->runController(Object(App\Controllers\Home))
 6 SYSTEMPATH\CodeIgniter.php(368): CodeIgniter\CodeIgniter->handleRequest(null, Object(Config\Cache), false)
 7 FCPATH\index.php(67): CodeIgniter\CodeIgniter->run()
 8 SYSTEMPATH\Commands\Server\rewrite.php(47): require_once('FCPATH\\index.php')
CRITICAL - 2023-01-31 17:52:34 --> Invalid file: "basic_table.php"
in SYSTEMPATH\Exceptions\FrameworkException.php on line 33.
 1 SYSTEMPATH\View\View.php(201): CodeIgniter\Exceptions\FrameworkException::forInvalidFile('basic_table.php')
 2 SYSTEMPATH\Common.php(1177): CodeIgniter\View\View->render('basic_table', [], true)
 3 APPPATH\Controllers\Home.php(40): view('basic_table')
 4 SYSTEMPATH\CodeIgniter.php(934): App\Controllers\Home->basic_table()
 5 SYSTEMPATH\CodeIgniter.php(499): CodeIgniter\CodeIgniter->runController(Object(App\Controllers\Home))
 6 SYSTEMPATH\CodeIgniter.php(368): CodeIgniter\CodeIgniter->handleRequest(null, Object(Config\Cache), false)
 7 FCPATH\index.php(67): CodeIgniter\CodeIgniter->run()
 8 SYSTEMPATH\Commands\Server\rewrite.php(47): require_once('FCPATH\\index.php')
CRITICAL - 2023-01-31 17:52:40 --> Invalid file: "map_google.php"
in SYSTEMPATH\Exceptions\FrameworkException.php on line 33.
 1 SYSTEMPATH\View\View.php(201): CodeIgniter\Exceptions\FrameworkException::forInvalidFile('map_google.php')
 2 SYSTEMPATH\Common.php(1177): CodeIgniter\View\View->render('map_google', [], true)
 3 APPPATH\Controllers\Home.php(45): view('map_google')
 4 SYSTEMPATH\CodeIgniter.php(934): App\Controllers\Home->map_google()
 5 SYSTEMPATH\CodeIgniter.php(499): CodeIgniter\CodeIgniter->runController(Object(App\Controllers\Home))
 6 SYSTEMPATH\CodeIgniter.php(368): CodeIgniter\CodeIgniter->handleRequest(null, Object(Config\Cache), false)
 7 FCPATH\index.php(67): CodeIgniter\CodeIgniter->run()
 8 SYSTEMPATH\Commands\Server\rewrite.php(47): require_once('FCPATH\\index.php')
CRITICAL - 2023-01-31 17:53:01 --> Invalid file: "erreur.php"
in SYSTEMPATH\Exceptions\FrameworkException.php on line 33.
 1 SYSTEMPATH\View\View.php(201): CodeIgniter\Exceptions\FrameworkException::forInvalidFile('erreur.php')
 2 SYSTEMPATH\Common.php(1177): CodeIgniter\View\View->render('erreur', [], true)
 3 APPPATH\Controllers\Home.php(50): view('erreur')
 4 SYSTEMPATH\CodeIgniter.php(934): App\Controllers\Home->erreur()
 5 SYSTEMPATH\CodeIgniter.php(499): CodeIgniter\CodeIgniter->runController(Object(App\Controllers\Home))
 6 SYSTEMPATH\CodeIgniter.php(368): CodeIgniter\CodeIgniter->handleRequest(null, Object(Config\Cache), false)
 7 FCPATH\index.php(67): CodeIgniter\CodeIgniter->run()
 8 SYSTEMPATH\Commands\Server\rewrite.php(47): require_once('FCPATH\\index.php')
CRITICAL - 2023-01-31 17:56:06 --> Invalid file: "erreur.php"
in SYSTEMPATH\Exceptions\FrameworkException.php on line 33.
 1 SYSTEMPATH\View\View.php(201): CodeIgniter\Exceptions\FrameworkException::forInvalidFile('erreur.php')
 2 SYSTEMPATH\Common.php(1177): CodeIgniter\View\View->render('erreur', [], true)
 3 APPPATH\Controllers\Home.php(50): view('erreur')
 4 SYSTEMPATH\CodeIgniter.php(934): App\Controllers\Home->erreur()
 5 SYSTEMPATH\CodeIgniter.php(499): CodeIgniter\CodeIgniter->runController(Object(App\Controllers\Home))
 6 SYSTEMPATH\CodeIgniter.php(368): CodeIgniter\CodeIgniter->handleRequest(null, Object(Config\Cache), false)
 7 FCPATH\index.php(67): CodeIgniter\CodeIgniter->run()
 8 SYSTEMPATH\Commands\Server\rewrite.php(47): require_once('FCPATH\\index.php')
CRITICAL - 2023-01-31 17:56:08 --> Invalid file: "erreur.php"
in SYSTEMPATH\Exceptions\FrameworkException.php on line 33.
 1 SYSTEMPATH\View\View.php(201): CodeIgniter\Exceptions\FrameworkException::forInvalidFile('erreur.php')
 2 SYSTEMPATH\Common.php(1177): CodeIgniter\View\View->render('erreur', [], true)
 3 APPPATH\Controllers\Home.php(50): view('erreur')
 4 SYSTEMPATH\CodeIgniter.php(934): App\Controllers\Home->erreur()
 5 SYSTEMPATH\CodeIgniter.php(499): CodeIgniter\CodeIgniter->runController(Object(App\Controllers\Home))
 6 SYSTEMPATH\CodeIgniter.php(368): CodeIgniter\CodeIgniter->handleRequest(null, Object(Config\Cache), false)
 7 FCPATH\index.php(67): CodeIgniter\CodeIgniter->run()
 8 SYSTEMPATH\Commands\Server\rewrite.php(47): require_once('FCPATH\\index.php')
CRITICAL - 2023-01-31 17:56:22 --> Invalid file: "basic_table.php"
in SYSTEMPATH\Exceptions\FrameworkException.php on line 33.
 1 SYSTEMPATH\View\View.php(201): CodeIgniter\Exceptions\FrameworkException::forInvalidFile('basic_table.php')
 2 SYSTEMPATH\Common.php(1177): CodeIgniter\View\View->render('basic_table', [], true)
 3 APPPATH\Controllers\Home.php(40): view('basic_table')
 4 SYSTEMPATH\CodeIgniter.php(934): App\Controllers\Home->basic_table()
 5 SYSTEMPATH\CodeIgniter.php(499): CodeIgniter\CodeIgniter->runController(Object(App\Controllers\Home))
 6 SYSTEMPATH\CodeIgniter.php(368): CodeIgniter\CodeIgniter->handleRequest(null, Object(Config\Cache), false)
 7 FCPATH\index.php(67): CodeIgniter\CodeIgniter->run()
 8 SYSTEMPATH\Commands\Server\rewrite.php(47): require_once('FCPATH\\index.php')
CRITICAL - 2023-01-31 17:56:46 --> Invalid file: "basic_table.php"
in SYSTEMPATH\Exceptions\FrameworkException.php on line 33.
 1 SYSTEMPATH\View\View.php(201): CodeIgniter\Exceptions\FrameworkException::forInvalidFile('basic_table.php')
 2 SYSTEMPATH\Common.php(1177): CodeIgniter\View\View->render('basic_table', [], true)
 3 APPPATH\Controllers\Home.php(40): view('basic_table')
 4 SYSTEMPATH\CodeIgniter.php(934): App\Controllers\Home->basic_table()
 5 SYSTEMPATH\CodeIgniter.php(499): CodeIgniter\CodeIgniter->runController(Object(App\Controllers\Home))
 6 SYSTEMPATH\CodeIgniter.php(368): CodeIgniter\CodeIgniter->handleRequest(null, Object(Config\Cache), false)
 7 FCPATH\index.php(67): CodeIgniter\CodeIgniter->run()
 8 SYSTEMPATH\Commands\Server\rewrite.php(47): require_once('FCPATH\\index.php')
CRITICAL - 2023-01-31 17:57:06 --> Invalid file: "basic_table.php"
in SYSTEMPATH\Exceptions\FrameworkException.php on line 33.
 1 SYSTEMPATH\View\View.php(201): CodeIgniter\Exceptions\FrameworkException::forInvalidFile('basic_table.php')
 2 SYSTEMPATH\Common.php(1177): CodeIgniter\View\View->render('basic_table', [], true)
 3 APPPATH\Controllers\Home.php(40): view('basic_table')
 4 SYSTEMPATH\CodeIgniter.php(934): App\Controllers\Home->basic_table()
 5 SYSTEMPATH\CodeIgniter.php(499): CodeIgniter\CodeIgniter->runController(Object(App\Controllers\Home))
 6 SYSTEMPATH\CodeIgniter.php(368): CodeIgniter\CodeIgniter->handleRequest(null, Object(Config\Cache), false)
 7 FCPATH\index.php(67): CodeIgniter\CodeIgniter->run()
 8 SYSTEMPATH\Commands\Server\rewrite.php(47): require_once('FCPATH\\index.php')
CRITICAL - 2023-01-31 17:57:42 --> Invalid file: "basic_table.php"
in SYSTEMPATH\Exceptions\FrameworkException.php on line 33.
 1 SYSTEMPATH\View\View.php(201): CodeIgniter\Exceptions\FrameworkException::forInvalidFile('basic_table.php')
 2 SYSTEMPATH\Common.php(1177): CodeIgniter\View\View->render('basic_table', [], true)
 3 APPPATH\Controllers\Home.php(40): view('basic_table')
 4 SYSTEMPATH\CodeIgniter.php(934): App\Controllers\Home->basic_table()
 5 SYSTEMPATH\CodeIgniter.php(499): CodeIgniter\CodeIgniter->runController(Object(App\Controllers\Home))
 6 SYSTEMPATH\CodeIgniter.php(368): CodeIgniter\CodeIgniter->handleRequest(null, Object(Config\Cache), false)
 7 FCPATH\index.php(67): CodeIgniter\CodeIgniter->run()
 8 SYSTEMPATH\Commands\Server\rewrite.php(47): require_once('FCPATH\\index.php')
CRITICAL - 2023-01-31 18:02:04 --> Invalid file: "basic_table.php"
in SYSTEMPATH\Exceptions\FrameworkException.php on line 33.
 1 SYSTEMPATH\View\View.php(201): CodeIgniter\Exceptions\FrameworkException::forInvalidFile('basic_table.php')
 2 SYSTEMPATH\Common.php(1177): CodeIgniter\View\View->render('basic_table', [], true)
 3 APPPATH\Controllers\Home.php(40): view('basic_table')
 4 SYSTEMPATH\CodeIgniter.php(934): App\Controllers\Home->basic_table()
 5 SYSTEMPATH\CodeIgniter.php(499): CodeIgniter\CodeIgniter->runController(Object(App\Controllers\Home))
 6 SYSTEMPATH\CodeIgniter.php(368): CodeIgniter\CodeIgniter->handleRequest(null, Object(Config\Cache), false)
 7 FCPATH\index.php(67): CodeIgniter\CodeIgniter->run()
 8 SYSTEMPATH\Commands\Server\rewrite.php(47): require_once('FCPATH\\index.php')
CRITICAL - 2023-01-31 18:03:32 --> Invalid file: "basic_table.php"
in SYSTEMPATH\Exceptions\FrameworkException.php on line 33.
 1 SYSTEMPATH\View\View.php(201): CodeIgniter\Exceptions\FrameworkException::forInvalidFile('basic_table.php')
 2 SYSTEMPATH\Common.php(1177): CodeIgniter\View\View->render('basic_table', [], true)
 3 APPPATH\Controllers\Home.php(40): view('basic_table')
 4 SYSTEMPATH\CodeIgniter.php(934): App\Controllers\Home->basic_table()
 5 SYSTEMPATH\CodeIgniter.php(499): CodeIgniter\CodeIgniter->runController(Object(App\Controllers\Home))
 6 SYSTEMPATH\CodeIgniter.php(368): CodeIgniter\CodeIgniter->handleRequest(null, Object(Config\Cache), false)
 7 FCPATH\index.php(67): CodeIgniter\CodeIgniter->run()
 8 SYSTEMPATH\Commands\Server\rewrite.php(47): require_once('FCPATH\\index.php')
CRITICAL - 2023-01-31 18:40:42 --> Invalid file: "map_google.php"
in SYSTEMPATH\Exceptions\FrameworkException.php on line 33.
 1 SYSTEMPATH\View\View.php(201): CodeIgniter\Exceptions\FrameworkException::forInvalidFile('map_google.php')
 2 SYSTEMPATH\Common.php(1177): CodeIgniter\View\View->render('map_google', [], true)
 3 APPPATH\Controllers\Home.php(45): view('map_google')
 4 SYSTEMPATH\CodeIgniter.php(934): App\Controllers\Home->map_google()
 5 SYSTEMPATH\CodeIgniter.php(499): CodeIgniter\CodeIgniter->runController(Object(App\Controllers\Home))
 6 SYSTEMPATH\CodeIgniter.php(368): CodeIgniter\CodeIgniter->handleRequest(null, Object(Config\Cache), false)
 7 FCPATH\index.php(67): CodeIgniter\CodeIgniter->run()
 8 SYSTEMPATH\Commands\Server\rewrite.php(47): require_once('FCPATH\\index.php')
CRITICAL - 2023-01-31 18:40:51 --> Invalid file: "erreur.php"
in SYSTEMPATH\Exceptions\FrameworkException.php on line 33.
 1 SYSTEMPATH\View\View.php(201): CodeIgniter\Exceptions\FrameworkException::forInvalidFile('erreur.php')
 2 SYSTEMPATH\Common.php(1177): CodeIgniter\View\View->render('erreur', [], true)
 3 APPPATH\Controllers\Home.php(50): view('erreur')
 4 SYSTEMPATH\CodeIgniter.php(934): App\Controllers\Home->erreur()
 5 SYSTEMPATH\CodeIgniter.php(499): CodeIgniter\CodeIgniter->runController(Object(App\Controllers\Home))
 6 SYSTEMPATH\CodeIgniter.php(368): CodeIgniter\CodeIgniter->handleRequest(null, Object(Config\Cache), false)
 7 FCPATH\index.php(67): CodeIgniter\CodeIgniter->run()
 8 SYSTEMPATH\Commands\Server\rewrite.php(47): require_once('FCPATH\\index.php')
CRITICAL - 2023-01-31 18:41:02 --> Invalid file: "basic_table.php"
in SYSTEMPATH\Exceptions\FrameworkException.php on line 33.
 1 SYSTEMPATH\View\View.php(201): CodeIgniter\Exceptions\FrameworkException::forInvalidFile('basic_table.php')
 2 SYSTEMPATH\Common.php(1177): CodeIgniter\View\View->render('basic_table', [], true)
 3 APPPATH\Controllers\Home.php(40): view('basic_table')
 4 SYSTEMPATH\CodeIgniter.php(934): App\Controllers\Home->basic_table()
 5 SYSTEMPATH\CodeIgniter.php(499): CodeIgniter\CodeIgniter->runController(Object(App\Controllers\Home))
 6 SYSTEMPATH\CodeIgniter.php(368): CodeIgniter\CodeIgniter->handleRequest(null, Object(Config\Cache), false)
 7 FCPATH\index.php(67): CodeIgniter\CodeIgniter->run()
 8 SYSTEMPATH\Commands\Server\rewrite.php(47): require_once('FCPATH\\index.php')
CRITICAL - 2023-01-31 18:41:02 --> Invalid file: "basic_table.php"
in SYSTEMPATH\Exceptions\FrameworkException.php on line 33.
 1 SYSTEMPATH\View\View.php(201): CodeIgniter\Exceptions\FrameworkException::forInvalidFile('basic_table.php')
 2 SYSTEMPATH\Common.php(1177): CodeIgniter\View\View->render('basic_table', [], true)
 3 APPPATH\Controllers\Home.php(40): view('basic_table')
 4 SYSTEMPATH\CodeIgniter.php(934): App\Controllers\Home->basic_table()
 5 SYSTEMPATH\CodeIgniter.php(499): CodeIgniter\CodeIgniter->runController(Object(App\Controllers\Home))
 6 SYSTEMPATH\CodeIgniter.php(368): CodeIgniter\CodeIgniter->handleRequest(null, Object(Config\Cache), false)
 7 FCPATH\index.php(67): CodeIgniter\CodeIgniter->run()
 8 SYSTEMPATH\Commands\Server\rewrite.php(47): require_once('FCPATH\\index.php')
CRITICAL - 2023-01-31 18:55:00 --> Invalid file: "basic_table.php"
in SYSTEMPATH\Exceptions\FrameworkException.php on line 33.
 1 SYSTEMPATH\View\View.php(201): CodeIgniter\Exceptions\FrameworkException::forInvalidFile('basic_table.php')
 2 SYSTEMPATH\Common.php(1177): CodeIgniter\View\View->render('basic_table', [], true)
 3 APPPATH\Controllers\Home.php(40): view('basic_table')
 4 SYSTEMPATH\CodeIgniter.php(934): App\Controllers\Home->basic_table()
 5 SYSTEMPATH\CodeIgniter.php(499): CodeIgniter\CodeIgniter->runController(Object(App\Controllers\Home))
 6 SYSTEMPATH\CodeIgniter.php(368): CodeIgniter\CodeIgniter->handleRequest(null, Object(Config\Cache), false)
 7 FCPATH\index.php(67): CodeIgniter\CodeIgniter->run()
 8 SYSTEMPATH\Commands\Server\rewrite.php(47): require_once('FCPATH\\index.php')
CRITICAL - 2023-01-31 18:56:25 --> Invalid file: "map_google.php"
in SYSTEMPATH\Exceptions\FrameworkException.php on line 33.
 1 SYSTEMPATH\View\View.php(201): CodeIgniter\Exceptions\FrameworkException::forInvalidFile('map_google.php')
 2 SYSTEMPATH\Common.php(1177): CodeIgniter\View\View->render('map_google', [], true)
 3 APPPATH\Controllers\Home.php(45): view('map_google')
 4 SYSTEMPATH\CodeIgniter.php(934): App\Controllers\Home->map_google()
 5 SYSTEMPATH\CodeIgniter.php(499): CodeIgniter\CodeIgniter->runController(Object(App\Controllers\Home))
 6 SYSTEMPATH\CodeIgniter.php(368): CodeIgniter\CodeIgniter->handleRequest(null, Object(Config\Cache), false)
 7 FCPATH\index.php(67): CodeIgniter\CodeIgniter->run()
 8 SYSTEMPATH\Commands\Server\rewrite.php(47): require_once('FCPATH\\index.php')
CRITICAL - 2023-01-31 18:56:30 --> Invalid file: "basic_table.php"
in SYSTEMPATH\Exceptions\FrameworkException.php on line 33.
 1 SYSTEMPATH\View\View.php(201): CodeIgniter\Exceptions\FrameworkException::forInvalidFile('basic_table.php')
 2 SYSTEMPATH\Common.php(1177): CodeIgniter\View\View->render('basic_table', [], true)
 3 APPPATH\Controllers\Home.php(40): view('basic_table')
 4 SYSTEMPATH\CodeIgniter.php(934): App\Controllers\Home->basic_table()
 5 SYSTEMPATH\CodeIgniter.php(499): CodeIgniter\CodeIgniter->runController(Object(App\Controllers\Home))
 6 SYSTEMPATH\CodeIgniter.php(368): CodeIgniter\CodeIgniter->handleRequest(null, Object(Config\Cache), false)
 7 FCPATH\index.php(67): CodeIgniter\CodeIgniter->run()
 8 SYSTEMPATH\Commands\Server\rewrite.php(47): require_once('FCPATH\\index.php')
CRITICAL - 2023-01-31 18:58:02 --> Invalid file: "basic_table.php"
in SYSTEMPATH\Exceptions\FrameworkException.php on line 33.
 1 SYSTEMPATH\View\View.php(201): CodeIgniter\Exceptions\FrameworkException::forInvalidFile('basic_table.php')
 2 SYSTEMPATH\Common.php(1177): CodeIgniter\View\View->render('basic_table', [], true)
 3 APPPATH\Controllers\Home.php(40): view('basic_table')
 4 SYSTEMPATH\CodeIgniter.php(934): App\Controllers\Home->basic_table()
 5 SYSTEMPATH\CodeIgniter.php(499): CodeIgniter\CodeIgniter->runController(Object(App\Controllers\Home))
 6 SYSTEMPATH\CodeIgniter.php(368): CodeIgniter\CodeIgniter->handleRequest(null, Object(Config\Cache), false)
 7 FCPATH\index.php(67): CodeIgniter\CodeIgniter->run()
 8 SYSTEMPATH\Commands\Server\rewrite.php(47): require_once('FCPATH\\index.php')
CRITICAL - 2023-01-31 19:00:13 --> Invalid file: "basic_table.php"
in SYSTEMPATH\Exceptions\FrameworkException.php on line 33.
 1 SYSTEMPATH\View\View.php(201): CodeIgniter\Exceptions\FrameworkException::forInvalidFile('basic_table.php')
 2 SYSTEMPATH\Common.php(1177): CodeIgniter\View\View->render('basic_table', [], true)
 3 APPPATH\Controllers\Home.php(40): view('basic_table')
 4 SYSTEMPATH\CodeIgniter.php(934): App\Controllers\Home->basic_table()
 5 SYSTEMPATH\CodeIgniter.php(499): CodeIgniter\CodeIgniter->runController(Object(App\Controllers\Home))
 6 SYSTEMPATH\CodeIgniter.php(368): CodeIgniter\CodeIgniter->handleRequest(null, Object(Config\Cache), false)
 7 FCPATH\index.php(67): CodeIgniter\CodeIgniter->run()
 8 SYSTEMPATH\Commands\Server\rewrite.php(47): require_once('FCPATH\\index.php')
CRITICAL - 2023-01-31 19:00:15 --> Invalid file: "basic_table.php"
in SYSTEMPATH\Exceptions\FrameworkException.php on line 33.
 1 SYSTEMPATH\View\View.php(201): CodeIgniter\Exceptions\FrameworkException::forInvalidFile('basic_table.php')
 2 SYSTEMPATH\Common.php(1177): CodeIgniter\View\View->render('basic_table', [], true)
 3 APPPATH\Controllers\Home.php(40): view('basic_table')
 4 SYSTEMPATH\CodeIgniter.php(934): App\Controllers\Home->basic_table()
 5 SYSTEMPATH\CodeIgniter.php(499): CodeIgniter\CodeIgniter->runController(Object(App\Controllers\Home))
 6 SYSTEMPATH\CodeIgniter.php(368): CodeIgniter\CodeIgniter->handleRequest(null, Object(Config\Cache), false)
 7 FCPATH\index.php(67): CodeIgniter\CodeIgniter->run()
 8 SYSTEMPATH\Commands\Server\rewrite.php(47): require_once('FCPATH\\index.php')
CRITICAL - 2023-01-31 19:26:31 --> Invalid file: "basic_table.php"
in SYSTEMPATH\Exceptions\FrameworkException.php on line 33.
 1 SYSTEMPATH\View\View.php(201): CodeIgniter\Exceptions\FrameworkException::forInvalidFile('basic_table.php')
 2 SYSTEMPATH\Common.php(1177): CodeIgniter\View\View->render('basic_table', [], true)
 3 APPPATH\Controllers\Home.php(40): view('basic_table')
 4 SYSTEMPATH\CodeIgniter.php(934): App\Controllers\Home->basic_table()
 5 SYSTEMPATH\CodeIgniter.php(499): CodeIgniter\CodeIgniter->runController(Object(App\Controllers\Home))
 6 SYSTEMPATH\CodeIgniter.php(368): CodeIgniter\CodeIgniter->handleRequest(null, Object(Config\Cache), false)
 7 FCPATH\index.php(67): CodeIgniter\CodeIgniter->run()
 8 SYSTEMPATH\Commands\Server\rewrite.php(47): require_once('FCPATH\\index.php')
CRITICAL - 2023-01-31 19:26:41 --> Invalid file: "map_google.php"
in SYSTEMPATH\Exceptions\FrameworkException.php on line 33.
 1 SYSTEMPATH\View\View.php(201): CodeIgniter\Exceptions\FrameworkException::forInvalidFile('map_google.php')
 2 SYSTEMPATH\Common.php(1177): CodeIgniter\View\View->render('map_google', [], true)
 3 APPPATH\Controllers\Home.php(45): view('map_google')
 4 SYSTEMPATH\CodeIgniter.php(934): App\Controllers\Home->map_google()
 5 SYSTEMPATH\CodeIgniter.php(499): CodeIgniter\CodeIgniter->runController(Object(App\Controllers\Home))
 6 SYSTEMPATH\CodeIgniter.php(368): CodeIgniter\CodeIgniter->handleRequest(null, Object(Config\Cache), false)
 7 FCPATH\index.php(67): CodeIgniter\CodeIgniter->run()
 8 SYSTEMPATH\Commands\Server\rewrite.php(47): require_once('FCPATH\\index.php')
